<?xml version="1.0" encoding="utf-8"?><testsuites><testsuite name="pytest" errors="0" failures="4" skipped="0" tests="5" time="2.098" timestamp="2022-07-07T18:40:42.626666" hostname="DESKTOP-UCRF95V"><testcase classname="FYP.Test.test_patient.test_patient" name="test_index" file="FYP\Test\test_patient.py" line="51" time="0.061"><failure message="ModuleNotFoundError: No module named 'LoginController'">self = &lt;test_patient.test_patient testMethod=test_index&gt;

    def test_index(self):
&gt;       with patch("LoginController.session", dict()) as session:

FYP\Test\test_patient.py:53: 
_ _ _ _ _ _ _ _ _ _ _ _ _ _ _ _ _ _ _ _ _ _ _ _ _ _ _ _ _ _ _ _ _ _ _ _ _ _ _ _
C:\Program Files (x86)\Microsoft Visual Studio\Shared\Python39_64\lib\unittest\mock.py:1389: in __enter__
    self.target = self.getter()
C:\Program Files (x86)\Microsoft Visual Studio\Shared\Python39_64\lib\unittest\mock.py:1564: in &lt;lambda&gt;
    getter = lambda: _importer(target)
_ _ _ _ _ _ _ _ _ _ _ _ _ _ _ _ _ _ _ _ _ _ _ _ _ _ _ _ _ _ _ _ _ _ _ _ _ _ _ _

target = 'LoginController'

    def _importer(target):
        components = target.split('.')
        import_path = components.pop(0)
&gt;       thing = __import__(import_path)
E       ModuleNotFoundError: No module named 'LoginController'

C:\Program Files (x86)\Microsoft Visual Studio\Shared\Python39_64\lib\unittest\mock.py:1236: ModuleNotFoundError</failure><system-out>--------------------------------- Captured Log ---------------------------------

--------------------------------- Captured Out ---------------------------------

</system-out><system-err>--------------------------------- Captured Err ---------------------------------

</system-err></testcase><testcase classname="FYP.Test.test_patient.test_patient" name="test_login" file="FYP\Test\test_patient.py" line="44" time="0.020"><failure message="KeyError: 'logged_in'">self = &lt;test_patient.test_patient testMethod=test_login&gt;

    def test_login(self):
       with app.test_client() as client:
           client.post('/validateLogin', data=dict(username='s', password='s'))
           with client.session_transaction() as sess:
&gt;              assert sess['logged_in']

FYP\Test\test_patient.py:49: 
_ _ _ _ _ _ _ _ _ _ _ _ _ _ _ _ _ _ _ _ _ _ _ _ _ _ _ _ _ _ _ _ _ _ _ _ _ _ _ _

self = &lt;SecureCookieSession {}&gt;, key = 'logged_in'

    def __getitem__(self, key: str) -&gt; t.Any:
        self.accessed = True
&gt;       return super().__getitem__(key)
E       KeyError: 'logged_in'

C:\Program Files (x86)\Microsoft Visual Studio\Shared\Python39_64\lib\site-packages\flask\sessions.py:79: KeyError</failure><system-out>--------------------------------- Captured Log ---------------------------------

--------------------------------- Captured Out ---------------------------------

</system-out><system-err>--------------------------------- Captured Err ---------------------------------

</system-err></testcase><testcase classname="FYP.Test.test_patient.test_patient" name="test_pass_correct" file="FYP\Test\test_patient.py" line="82" time="0.010"><system-out>--------------------------------- Captured Log ---------------------------------

--------------------------------- Captured Out ---------------------------------

</system-out><system-err>--------------------------------- Captured Err ---------------------------------

</system-err></testcase><testcase classname="FYP.Test.test_patient.test_patient" name="test_pass_incorrect" file="FYP\Test\test_patient.py" line="90" time="0.007"><failure message="AssertionError: False is not true">self = &lt;test_patient.test_patient testMethod=test_pass_incorrect&gt;

    def test_pass_incorrect(self):
        tester = app.test_client(self)
        response = tester.post('/Patient_Main', data=dict(username = 'wenling', password='password'))
&gt;       self.assertTrue(b'wenling' in response.data)
E       AssertionError: False is not true

FYP\Test\test_patient.py:94: AssertionError</failure><system-out>--------------------------------- Captured Log ---------------------------------

--------------------------------- Captured Out ---------------------------------

</system-out><system-err>--------------------------------- Captured Err ---------------------------------

</system-err></testcase><testcase classname="FYP.Test.test_patient.test_patient" name="test_users_login" file="FYP\Test\test_patient.py" line="67" time="0.012"><failure message="AssertionError: b'&lt;!doctype html&gt;\n&lt;html lang=en&gt;\n&lt;title[169 chars]p&gt;\n' != 'wenling'">self = &lt;test_patient.test_patient testMethod=test_users_login&gt;

    def test_users_login(self):
        result = self.app.post('/LoginController', data=dict(username='wenling', password='password'), follow_redirects=True)
        #result = self.app.post('/LoginController', data=dict(username='oswaldo', password='password'))
        # I want to check the HTML tag's text value data after logging in
        #self.assertIn(result.data.getTag("h1", b"Nicole") #What I imagined using &lt;h1&gt;
        #self.assertin(result.data.getId("userA", b"Nicole") #What I imagined using id
    
        #This returns true which is okay, because 'Nicole' exists in the whole page
        #self.assertTrue(result, b'wenling')
        #self.assertTrue(result)
&gt;       self.assertEqual(result.data, 'wenling')
E       AssertionError: b'&lt;!doctype html&gt;\n&lt;html lang=en&gt;\n&lt;title[169 chars]p&gt;\n' != 'wenling'

FYP\Test\test_patient.py:78: AssertionError</failure><system-out>--------------------------------- Captured Log ---------------------------------

--------------------------------- Captured Out ---------------------------------

</system-out><system-err>--------------------------------- Captured Err ---------------------------------

</system-err></testcase></testsuite></testsuites>