<?xml version="1.0" encoding="utf-8"?><testsuites><testsuite name="pytest" errors="0" failures="4" skipped="0" tests="5" time="4.411" timestamp="2022-07-07T18:24:11.705420" hostname="DESKTOP-UCRF95V"><testcase classname="FYP.Test.test_patient.test_patient" name="test_index" file="FYP\Test\test_patient.py" line="49" time="0.047"><failure message="ModuleNotFoundError: No module named 'LoginController'">self = &lt;test_patient.test_patient testMethod=test_index&gt;

    def test_index(self):
&gt;       with patch("LoginController.session", dict()) as session:

FYP\Test\test_patient.py:51: 
_ _ _ _ _ _ _ _ _ _ _ _ _ _ _ _ _ _ _ _ _ _ _ _ _ _ _ _ _ _ _ _ _ _ _ _ _ _ _ _
C:\Program Files (x86)\Microsoft Visual Studio\Shared\Python39_64\lib\unittest\mock.py:1389: in __enter__
    self.target = self.getter()
C:\Program Files (x86)\Microsoft Visual Studio\Shared\Python39_64\lib\unittest\mock.py:1564: in &lt;lambda&gt;
    getter = lambda: _importer(target)
_ _ _ _ _ _ _ _ _ _ _ _ _ _ _ _ _ _ _ _ _ _ _ _ _ _ _ _ _ _ _ _ _ _ _ _ _ _ _ _

target = 'LoginController'

    def _importer(target):
        components = target.split('.')
        import_path = components.pop(0)
&gt;       thing = __import__(import_path)
E       ModuleNotFoundError: No module named 'LoginController'

C:\Program Files (x86)\Microsoft Visual Studio\Shared\Python39_64\lib\unittest\mock.py:1236: ModuleNotFoundError</failure><system-out>--------------------------------- Captured Log ---------------------------------

--------------------------------- Captured Out ---------------------------------

</system-out><system-err>--------------------------------- Captured Err ---------------------------------

</system-err></testcase><testcase classname="FYP.Test.test_patient.test_patient" name="test_login" file="FYP\Test\test_patient.py" line="44" time="0.043"><failure message="KeyError: 'logged_in'">self = &lt;test_patient.test_patient testMethod=test_login&gt;

    def test_login(self):
       with app.test_client() as client:
           client.post('/login', data=dict(username='s', password='s'))
           with client.session_transaction() as session:
&gt;              self.assertTrue(session['logged_in'])

FYP\Test\test_patient.py:49: 
_ _ _ _ _ _ _ _ _ _ _ _ _ _ _ _ _ _ _ _ _ _ _ _ _ _ _ _ _ _ _ _ _ _ _ _ _ _ _ _

self = &lt;SecureCookieSession {}&gt;, key = 'logged_in'

    def __getitem__(self, key: str) -&gt; t.Any:
        self.accessed = True
&gt;       return super().__getitem__(key)
E       KeyError: 'logged_in'

C:\Program Files (x86)\Microsoft Visual Studio\Shared\Python39_64\lib\site-packages\flask\sessions.py:79: KeyError</failure><system-out>--------------------------------- Captured Log ---------------------------------

--------------------------------- Captured Out ---------------------------------

</system-out><system-err>--------------------------------- Captured Err ---------------------------------

</system-err></testcase><testcase classname="FYP.Test.test_patient.test_patient" name="test_pass_correct" file="FYP\Test\test_patient.py" line="79" time="0.083"><system-out>--------------------------------- Captured Log ---------------------------------

--------------------------------- Captured Out ---------------------------------

</system-out><system-err>--------------------------------- Captured Err ---------------------------------

</system-err></testcase><testcase classname="FYP.Test.test_patient.test_patient" name="test_pass_incorrect" file="FYP\Test\test_patient.py" line="87" time="0.022"><failure message="AssertionError: False is not true">self = &lt;test_patient.test_patient testMethod=test_pass_incorrect&gt;

    def test_pass_incorrect(self):
        tester = app.test_client(self)
        response = tester.post('/Patient_Main', data=dict(username = 'wenling', password='password'))
&gt;       self.assertTrue(b'wenling' in response.data)
E       AssertionError: False is not true

FYP\Test\test_patient.py:91: AssertionError</failure><system-out>--------------------------------- Captured Log ---------------------------------

--------------------------------- Captured Out ---------------------------------

</system-out><system-err>--------------------------------- Captured Err ---------------------------------

</system-err></testcase><testcase classname="FYP.Test.test_patient.test_patient" name="test_users_login" file="FYP\Test\test_patient.py" line="65" time="0.025"><failure message="AssertionError: b'wenling' not found in b'&lt;!doctype html&gt;\n&lt;html lang=en&gt;\n&lt;title&gt;404 Not Found&lt;/title&gt;\n&lt;h1&gt;Not Found&lt;/h1&gt;\n&lt;p&gt;The requested URL was not found on the server. If you entered the URL manually please check your spelling and try again.&lt;/p&gt;\n'">self = &lt;test_patient.test_patient testMethod=test_users_login&gt;

    def test_users_login(self):
        result = self.app.post('/LoginController', data=dict(username='wenling', password='password'), follow_redirects=True)
        #result = self.app.post('/LoginController', data=dict(username='oswaldo', password='password'))
        # I want to check the HTML tag's text value data after logging in
        #self.assertIn(result.data.getTag("h1", b"Nicole") #What I imagined using &lt;h1&gt;
        #self.assertin(result.data.getId("userA", b"Nicole") #What I imagined using id
    
        #This returns true which is okay, because 'Nicole' exists in the whole page
        #self.assertTrue(result, b'wenling')
        #self.assertTrue(result)
&gt;       self.assertIn(b'wenling', result.data)
E       AssertionError: b'wenling' not found in b'&lt;!doctype html&gt;\n&lt;html lang=en&gt;\n&lt;title&gt;404 Not Found&lt;/title&gt;\n&lt;h1&gt;Not Found&lt;/h1&gt;\n&lt;p&gt;The requested URL was not found on the server. If you entered the URL manually please check your spelling and try again.&lt;/p&gt;\n'

FYP\Test\test_patient.py:76: AssertionError</failure><system-out>--------------------------------- Captured Log ---------------------------------

--------------------------------- Captured Out ---------------------------------

</system-out><system-err>--------------------------------- Captured Err ---------------------------------

</system-err></testcase></testsuite></testsuites>