<?xml version="1.0" encoding="utf-8"?><testsuites><testsuite name="pytest" errors="0" failures="2" skipped="0" tests="3" time="1.494" timestamp="2022-07-07T16:05:19.673256" hostname="DESKTOP-UCRF95V"><testcase classname="FYP.Test.test_patient.test_patient" name="test_login" file="FYP\Test\test_patient.py" line="29" time="0.051"><failure message="NameError: name 'validateLogin' is not defined">self = &lt;test_patient.test_patient testMethod=test_login&gt;

    def test_login(self):
&gt;       test = validateLogin(username, password)
E       NameError: name 'validateLogin' is not defined

FYP\Test\test_patient.py:31: NameError</failure><system-out>--------------------------------- Captured Log ---------------------------------

--------------------------------- Captured Out ---------------------------------

</system-out><system-err>--------------------------------- Captured Err ---------------------------------

</system-err></testcase><testcase classname="FYP.Test.test_patient.test_patient" name="test_pass_correct" file="FYP\Test\test_patient.py" line="33" time="0.016"><system-out>--------------------------------- Captured Log ---------------------------------

--------------------------------- Captured Out ---------------------------------

</system-out><system-err>--------------------------------- Captured Err ---------------------------------

</system-err></testcase><testcase classname="FYP.Test.test_patient.test_patient" name="test_pass_incorrect" file="FYP\Test\test_patient.py" line="41" time="0.009"><failure message="AssertionError: False is not true">self = &lt;test_patient.test_patient testMethod=test_pass_incorrect&gt;

    def test_pass_incorrect(self):
        tester = app.test_client(self)
        response = tester.post('/LoginController', data=dict(username = 'wenling', password='password'))
&gt;       self.assertTrue(b'wenling, password' in response.data)
E       AssertionError: False is not true

FYP\Test\test_patient.py:45: AssertionError</failure><system-out>--------------------------------- Captured Log ---------------------------------

--------------------------------- Captured Out ---------------------------------

</system-out><system-err>--------------------------------- Captured Err ---------------------------------

</system-err></testcase></testsuite></testsuites>