<?xml version="1.0" encoding="utf-8"?><testsuites><testsuite name="pytest" errors="0" failures="2" skipped="0" tests="3" time="0.756" timestamp="2022-07-06T19:17:26.838253" hostname="DESKTOP-UCRF95V"><testcase classname="FYP.Test.test_Patient.test_patient" name="test_access_session" file="FYP\Test\test_Patient.py" line="40" time="0.015"><failure message="AttributeError: __enter__">client = &lt;test_Patient.test_patient testMethod=test_access_session&gt;

    def test_access_session(client):
&gt;       with client:
E       AttributeError: __enter__

FYP\Test\test_Patient.py:42: AttributeError</failure><system-out>--------------------------------- Captured Log ---------------------------------

--------------------------------- Captured Out ---------------------------------

</system-out><system-err>--------------------------------- Captured Err ---------------------------------

</system-err></testcase><testcase classname="FYP.Test.test_Patient.test_patient" name="test_pass_correct" file="FYP\Test\test_Patient.py" line="27" time="0.012"><system-out>--------------------------------- Captured Log ---------------------------------

--------------------------------- Captured Out ---------------------------------

</system-out><system-err>--------------------------------- Captured Err ---------------------------------

</system-err></testcase><testcase classname="FYP.Test.test_Patient.test_patient" name="test_pass_incorrect" file="FYP\Test\test_Patient.py" line="35" time="0.005"><failure message="AssertionError: False is not true">self = &lt;test_Patient.test_patient testMethod=test_pass_incorrect&gt;

    def test_pass_incorrect(self):
        tester = app.test_client(self)
        response = tester.post('/LoginController', data=dict(username = 'wenling', password='password'))
&gt;       self.assertTrue(b'password' in response.data)
E       AssertionError: False is not true

FYP\Test\test_Patient.py:39: AssertionError</failure><system-out>--------------------------------- Captured Log ---------------------------------

--------------------------------- Captured Out ---------------------------------

</system-out><system-err>--------------------------------- Captured Err ---------------------------------

</system-err></testcase></testsuite></testsuites>