<?xml version="1.0" encoding="utf-8"?><testsuites><testsuite name="pytest" errors="0" failures="1" skipped="0" tests="1" time="5.142" timestamp="2022-07-05T20:55:12.038702" hostname="DESKTOP-UCRF95V"><testcase classname="FYP.Test.test_Patient.test_patient" name="test_Login" file="FYP\Test\test_Patient.py" line="29" time="0.103"><failure message="KeyError: 'logged_in'">self = &lt;test_Patient.test_patient testMethod=test_Login&gt;

    def test_Login(self):
        result = 5+6
        self.assertEqual(result, 11)
        #with self.client:
        #    response = self.client.post('login', { username: 'James', password: '007' })
            # success
        #    assertEquals(user.username, 'James')
        with app.test_client() as client:
            client.post('/LoginController', data=dict(username='s', password='s'))
            with client.session_transaction() as session:
&gt;               self.assertTrue(session['logged_in'])

FYP\Test\test_Patient.py:40: 
_ _ _ _ _ _ _ _ _ _ _ _ _ _ _ _ _ _ _ _ _ _ _ _ _ _ _ _ _ _ _ _ _ _ _ _ _ _ _ _

self = &lt;SecureCookieSession {}&gt;, key = 'logged_in'

    def __getitem__(self, key: str) -&gt; t.Any:
        self.accessed = True
&gt;       return super().__getitem__(key)
E       KeyError: 'logged_in'

C:\Program Files (x86)\Microsoft Visual Studio\Shared\Python39_64\lib\site-packages\flask\sessions.py:79: KeyError</failure><system-out>--------------------------------- Captured Log ---------------------------------

--------------------------------- Captured Out ---------------------------------

</system-out><system-err>--------------------------------- Captured Err ---------------------------------

</system-err></testcase></testsuite></testsuites>